<?xml version="1.0" encoding="UTF-8"?>
<testsuite xmlns:xsi="http://www.w3.org/2001/XMLSchema-instance" xsi:noNamespaceSchemaLocation="https://maven.apache.org/surefire/maven-surefire-plugin/xsd/surefire-test-report.xsd" version="3.0.2" name="com.sahbu.ProductServiceApplicationTests" time="11.271" tests="1" errors="0" skipped="0" failures="0">
  <properties>
    <property name="java.specification.version" value="21"/>
    <property name="sun.jnu.encoding" value="UTF-8"/>
    <property name="java.class.path" value="/Users/mohdshahban/Documents/workspace-spring-tool-suite-4-4.26.0.RELEASE/product-service/target/test-classes:/Users/mohdshahban/Documents/workspace-spring-tool-suite-4-4.26.0.RELEASE/product-service/target/classes:/Users/mohdshahban/.m2/repository/org/springframework/boot/spring-boot-starter-data-mongodb/3.4.5/spring-boot-starter-data-mongodb-3.4.5.jar:/Users/mohdshahban/.m2/repository/org/springframework/boot/spring-boot-starter/3.4.5/spring-boot-starter-3.4.5.jar:/Users/mohdshahban/.m2/repository/org/springframework/boot/spring-boot-starter-logging/3.4.5/spring-boot-starter-logging-3.4.5.jar:/Users/mohdshahban/.m2/repository/ch/qos/logback/logback-classic/1.5.18/logback-classic-1.5.18.jar:/Users/mohdshahban/.m2/repository/ch/qos/logback/logback-core/1.5.18/logback-core-1.5.18.jar:/Users/mohdshahban/.m2/repository/org/apache/logging/log4j/log4j-to-slf4j/2.24.3/log4j-to-slf4j-2.24.3.jar:/Users/mohdshahban/.m2/repository/org/apache/logging/log4j/log4j-api/2.24.3/log4j-api-2.24.3.jar:/Users/mohdshahban/.m2/repository/org/slf4j/jul-to-slf4j/2.0.17/jul-to-slf4j-2.0.17.jar:/Users/mohdshahban/.m2/repository/jakarta/annotation/jakarta.annotation-api/2.1.1/jakarta.annotation-api-2.1.1.jar:/Users/mohdshahban/.m2/repository/org/yaml/snakeyaml/2.3/snakeyaml-2.3.jar:/Users/mohdshahban/.m2/repository/org/mongodb/mongodb-driver-sync/5.2.1/mongodb-driver-sync-5.2.1.jar:/Users/mohdshahban/.m2/repository/org/mongodb/bson/5.2.1/bson-5.2.1.jar:/Users/mohdshahban/.m2/repository/org/mongodb/mongodb-driver-core/5.2.1/mongodb-driver-core-5.2.1.jar:/Users/mohdshahban/.m2/repository/org/mongodb/bson-record-codec/5.2.1/bson-record-codec-5.2.1.jar:/Users/mohdshahban/.m2/repository/org/springframework/data/spring-data-mongodb/4.4.5/spring-data-mongodb-4.4.5.jar:/Users/mohdshahban/.m2/repository/org/springframework/spring-tx/6.2.6/spring-tx-6.2.6.jar:/Users/mohdshahban/.m2/repository/org/springframework/spring-context/6.2.6/spring-context-6.2.6.jar:/Users/mohdshahban/.m2/repository/org/springframework/spring-beans/6.2.6/spring-beans-6.2.6.jar:/Users/mohdshahban/.m2/repository/org/springframework/spring-expression/6.2.6/spring-expression-6.2.6.jar:/Users/mohdshahban/.m2/repository/org/springframework/data/spring-data-commons/3.4.5/spring-data-commons-3.4.5.jar:/Users/mohdshahban/.m2/repository/org/slf4j/slf4j-api/2.0.17/slf4j-api-2.0.17.jar:/Users/mohdshahban/.m2/repository/org/projectlombok/lombok/1.18.38/lombok-1.18.38.jar:/Users/mohdshahban/.m2/repository/org/springframework/boot/spring-boot-starter-web/3.4.5/spring-boot-starter-web-3.4.5.jar:/Users/mohdshahban/.m2/repository/org/springframework/boot/spring-boot-starter-json/3.4.5/spring-boot-starter-json-3.4.5.jar:/Users/mohdshahban/.m2/repository/com/fasterxml/jackson/core/jackson-databind/2.18.3/jackson-databind-2.18.3.jar:/Users/mohdshahban/.m2/repository/com/fasterxml/jackson/core/jackson-annotations/2.18.3/jackson-annotations-2.18.3.jar:/Users/mohdshahban/.m2/repository/com/fasterxml/jackson/core/jackson-core/2.18.3/jackson-core-2.18.3.jar:/Users/mohdshahban/.m2/repository/com/fasterxml/jackson/datatype/jackson-datatype-jdk8/2.18.3/jackson-datatype-jdk8-2.18.3.jar:/Users/mohdshahban/.m2/repository/com/fasterxml/jackson/datatype/jackson-datatype-jsr310/2.18.3/jackson-datatype-jsr310-2.18.3.jar:/Users/mohdshahban/.m2/repository/com/fasterxml/jackson/module/jackson-module-parameter-names/2.18.3/jackson-module-parameter-names-2.18.3.jar:/Users/mohdshahban/.m2/repository/org/springframework/boot/spring-boot-starter-tomcat/3.4.5/spring-boot-starter-tomcat-3.4.5.jar:/Users/mohdshahban/.m2/repository/org/apache/tomcat/embed/tomcat-embed-core/10.1.40/tomcat-embed-core-10.1.40.jar:/Users/mohdshahban/.m2/repository/org/apache/tomcat/embed/tomcat-embed-el/10.1.40/tomcat-embed-el-10.1.40.jar:/Users/mohdshahban/.m2/repository/org/apache/tomcat/embed/tomcat-embed-websocket/10.1.40/tomcat-embed-websocket-10.1.40.jar:/Users/mohdshahban/.m2/repository/org/springframework/spring-web/6.2.6/spring-web-6.2.6.jar:/Users/mohdshahban/.m2/repository/io/micrometer/micrometer-observation/1.14.6/micrometer-observation-1.14.6.jar:/Users/mohdshahban/.m2/repository/io/micrometer/micrometer-commons/1.14.6/micrometer-commons-1.14.6.jar:/Users/mohdshahban/.m2/repository/org/springframework/spring-webmvc/6.2.6/spring-webmvc-6.2.6.jar:/Users/mohdshahban/.m2/repository/org/springframework/spring-aop/6.2.6/spring-aop-6.2.6.jar:/Users/mohdshahban/.m2/repository/org/springframework/boot/spring-boot-devtools/3.4.5/spring-boot-devtools-3.4.5.jar:/Users/mohdshahban/.m2/repository/org/springframework/boot/spring-boot/3.4.5/spring-boot-3.4.5.jar:/Users/mohdshahban/.m2/repository/org/springframework/boot/spring-boot-autoconfigure/3.4.5/spring-boot-autoconfigure-3.4.5.jar:/Users/mohdshahban/.m2/repository/org/springframework/boot/spring-boot-starter-test/3.4.5/spring-boot-starter-test-3.4.5.jar:/Users/mohdshahban/.m2/repository/org/springframework/boot/spring-boot-test/3.4.5/spring-boot-test-3.4.5.jar:/Users/mohdshahban/.m2/repository/org/springframework/boot/spring-boot-test-autoconfigure/3.4.5/spring-boot-test-autoconfigure-3.4.5.jar:/Users/mohdshahban/.m2/repository/com/jayway/jsonpath/json-path/2.9.0/json-path-2.9.0.jar:/Users/mohdshahban/.m2/repository/jakarta/xml/bind/jakarta.xml.bind-api/4.0.2/jakarta.xml.bind-api-4.0.2.jar:/Users/mohdshahban/.m2/repository/jakarta/activation/jakarta.activation-api/2.1.3/jakarta.activation-api-2.1.3.jar:/Users/mohdshahban/.m2/repository/net/minidev/json-smart/2.5.2/json-smart-2.5.2.jar:/Users/mohdshahban/.m2/repository/net/minidev/accessors-smart/2.5.2/accessors-smart-2.5.2.jar:/Users/mohdshahban/.m2/repository/org/ow2/asm/asm/9.7.1/asm-9.7.1.jar:/Users/mohdshahban/.m2/repository/org/assertj/assertj-core/3.26.3/assertj-core-3.26.3.jar:/Users/mohdshahban/.m2/repository/net/bytebuddy/byte-buddy/1.15.11/byte-buddy-1.15.11.jar:/Users/mohdshahban/.m2/repository/org/awaitility/awaitility/4.2.2/awaitility-4.2.2.jar:/Users/mohdshahban/.m2/repository/org/hamcrest/hamcrest/2.2/hamcrest-2.2.jar:/Users/mohdshahban/.m2/repository/org/junit/jupiter/junit-jupiter/5.11.4/junit-jupiter-5.11.4.jar:/Users/mohdshahban/.m2/repository/org/junit/jupiter/junit-jupiter-api/5.11.4/junit-jupiter-api-5.11.4.jar:/Users/mohdshahban/.m2/repository/org/opentest4j/opentest4j/1.3.0/opentest4j-1.3.0.jar:/Users/mohdshahban/.m2/repository/org/junit/platform/junit-platform-commons/1.11.4/junit-platform-commons-1.11.4.jar:/Users/mohdshahban/.m2/repository/org/apiguardian/apiguardian-api/1.1.2/apiguardian-api-1.1.2.jar:/Users/mohdshahban/.m2/repository/org/junit/jupiter/junit-jupiter-params/5.11.4/junit-jupiter-params-5.11.4.jar:/Users/mohdshahban/.m2/repository/org/junit/jupiter/junit-jupiter-engine/5.11.4/junit-jupiter-engine-5.11.4.jar:/Users/mohdshahban/.m2/repository/org/junit/platform/junit-platform-engine/1.11.4/junit-platform-engine-1.11.4.jar:/Users/mohdshahban/.m2/repository/org/mockito/mockito-core/5.14.2/mockito-core-5.14.2.jar:/Users/mohdshahban/.m2/repository/net/bytebuddy/byte-buddy-agent/1.15.11/byte-buddy-agent-1.15.11.jar:/Users/mohdshahban/.m2/repository/org/objenesis/objenesis/3.3/objenesis-3.3.jar:/Users/mohdshahban/.m2/repository/org/mockito/mockito-junit-jupiter/5.14.2/mockito-junit-jupiter-5.14.2.jar:/Users/mohdshahban/.m2/repository/org/skyscreamer/jsonassert/1.5.3/jsonassert-1.5.3.jar:/Users/mohdshahban/.m2/repository/com/vaadin/external/google/android-json/0.0.20131108.vaadin1/android-json-0.0.20131108.vaadin1.jar:/Users/mohdshahban/.m2/repository/org/springframework/spring-core/6.2.6/spring-core-6.2.6.jar:/Users/mohdshahban/.m2/repository/org/springframework/spring-jcl/6.2.6/spring-jcl-6.2.6.jar:/Users/mohdshahban/.m2/repository/org/springframework/spring-test/6.2.6/spring-test-6.2.6.jar:/Users/mohdshahban/.m2/repository/org/xmlunit/xmlunit-core/2.10.0/xmlunit-core-2.10.0.jar:/Users/mohdshahban/.m2/repository/org/springframework/boot/spring-boot-testcontainers/3.4.5/spring-boot-testcontainers-3.4.5.jar:/Users/mohdshahban/.m2/repository/org/testcontainers/testcontainers/1.20.6/testcontainers-1.20.6.jar:/Users/mohdshahban/.m2/repository/junit/junit/4.13.2/junit-4.13.2.jar:/Users/mohdshahban/.m2/repository/org/hamcrest/hamcrest-core/2.2/hamcrest-core-2.2.jar:/Users/mohdshahban/.m2/repository/org/apache/commons/commons-compress/1.24.0/commons-compress-1.24.0.jar:/Users/mohdshahban/.m2/repository/org/rnorth/duct-tape/duct-tape/1.0.8/duct-tape-1.0.8.jar:/Users/mohdshahban/.m2/repository/org/jetbrains/annotations/17.0.0/annotations-17.0.0.jar:/Users/mohdshahban/.m2/repository/com/github/docker-java/docker-java-api/3.4.1/docker-java-api-3.4.1.jar:/Users/mohdshahban/.m2/repository/com/github/docker-java/docker-java-transport-zerodep/3.4.1/docker-java-transport-zerodep-3.4.1.jar:/Users/mohdshahban/.m2/repository/com/github/docker-java/docker-java-transport/3.4.1/docker-java-transport-3.4.1.jar:/Users/mohdshahban/.m2/repository/net/java/dev/jna/jna/5.13.0/jna-5.13.0.jar:/Users/mohdshahban/.m2/repository/org/testcontainers/junit-jupiter/1.20.6/junit-jupiter-1.20.6.jar:/Users/mohdshahban/.m2/repository/org/testcontainers/mongodb/1.20.6/mongodb-1.20.6.jar:/Users/mohdshahban/.m2/repository/io/rest-assured/rest-assured/5.5.1/rest-assured-5.5.1.jar:/Users/mohdshahban/.m2/repository/org/apache/groovy/groovy/4.0.26/groovy-4.0.26.jar:/Users/mohdshahban/.m2/repository/org/apache/groovy/groovy-xml/4.0.26/groovy-xml-4.0.26.jar:/Users/mohdshahban/.m2/repository/org/apache/httpcomponents/httpclient/4.5.13/httpclient-4.5.13.jar:/Users/mohdshahban/.m2/repository/org/apache/httpcomponents/httpcore/4.4.16/httpcore-4.4.16.jar:/Users/mohdshahban/.m2/repository/commons-logging/commons-logging/1.2/commons-logging-1.2.jar:/Users/mohdshahban/.m2/repository/commons-codec/commons-codec/1.17.2/commons-codec-1.17.2.jar:/Users/mohdshahban/.m2/repository/org/apache/httpcomponents/httpmime/4.5.13/httpmime-4.5.13.jar:/Users/mohdshahban/.m2/repository/org/ccil/cowan/tagsoup/tagsoup/1.2.1/tagsoup-1.2.1.jar:/Users/mohdshahban/.m2/repository/io/rest-assured/json-path/5.5.1/json-path-5.5.1.jar:/Users/mohdshahban/.m2/repository/org/apache/groovy/groovy-json/4.0.26/groovy-json-4.0.26.jar:/Users/mohdshahban/.m2/repository/io/rest-assured/rest-assured-common/5.5.1/rest-assured-common-5.5.1.jar:/Users/mohdshahban/.m2/repository/io/rest-assured/xml-path/5.5.1/xml-path-5.5.1.jar:/Users/mohdshahban/.m2/repository/org/apache/commons/commons-lang3/3.17.0/commons-lang3-3.17.0.jar:"/>
    <property name="java.vm.vendor" value="Eclipse Adoptium"/>
    <property name="sun.arch.data.model" value="64"/>
    <property name="catalina.useNaming" value="false"/>
    <property name="java.vendor.url" value="https://adoptium.net/"/>
    <property name="user.timezone" value="Asia/Kolkata"/>
    <property name="os.name" value="Mac OS X"/>
    <property name="java.vm.specification.version" value="21"/>
    <property name="sun.java.launcher" value="SUN_STANDARD"/>
    <property name="user.country" value="IN"/>
    <property name="sun.boot.library.path" value="/Applications/SpringToolSuite4.app/Contents/Eclipse/plugins/org.eclipse.justj.openjdk.hotspot.jre.full.macosx.aarch64_21.0.4.v20240802-1551/jre/lib"/>
    <property name="sun.java.command" value="/Users/mohdshahban/Documents/workspace-spring-tool-suite-4-4.26.0.RELEASE/product-service/target/surefire/surefirebooter-20250514141908394_3.jar /Users/mohdshahban/Documents/workspace-spring-tool-suite-4-4.26.0.RELEASE/product-service/target/surefire 2025-05-14T14-19-08_333-jvmRun1 surefire-20250514141908394_1tmp surefire_0-20250514141908394_2tmp"/>
    <property name="http.nonProxyHosts" value="local|*.local|169.254/16|*.169.254/16"/>
    <property name="jdk.debug" value="release"/>
    <property name="surefire.test.class.path" value="/Users/mohdshahban/Documents/workspace-spring-tool-suite-4-4.26.0.RELEASE/product-service/target/test-classes:/Users/mohdshahban/Documents/workspace-spring-tool-suite-4-4.26.0.RELEASE/product-service/target/classes:/Users/mohdshahban/.m2/repository/org/springframework/boot/spring-boot-starter-data-mongodb/3.4.5/spring-boot-starter-data-mongodb-3.4.5.jar:/Users/mohdshahban/.m2/repository/org/springframework/boot/spring-boot-starter/3.4.5/spring-boot-starter-3.4.5.jar:/Users/mohdshahban/.m2/repository/org/springframework/boot/spring-boot-starter-logging/3.4.5/spring-boot-starter-logging-3.4.5.jar:/Users/mohdshahban/.m2/repository/ch/qos/logback/logback-classic/1.5.18/logback-classic-1.5.18.jar:/Users/mohdshahban/.m2/repository/ch/qos/logback/logback-core/1.5.18/logback-core-1.5.18.jar:/Users/mohdshahban/.m2/repository/org/apache/logging/log4j/log4j-to-slf4j/2.24.3/log4j-to-slf4j-2.24.3.jar:/Users/mohdshahban/.m2/repository/org/apache/logging/log4j/log4j-api/2.24.3/log4j-api-2.24.3.jar:/Users/mohdshahban/.m2/repository/org/slf4j/jul-to-slf4j/2.0.17/jul-to-slf4j-2.0.17.jar:/Users/mohdshahban/.m2/repository/jakarta/annotation/jakarta.annotation-api/2.1.1/jakarta.annotation-api-2.1.1.jar:/Users/mohdshahban/.m2/repository/org/yaml/snakeyaml/2.3/snakeyaml-2.3.jar:/Users/mohdshahban/.m2/repository/org/mongodb/mongodb-driver-sync/5.2.1/mongodb-driver-sync-5.2.1.jar:/Users/mohdshahban/.m2/repository/org/mongodb/bson/5.2.1/bson-5.2.1.jar:/Users/mohdshahban/.m2/repository/org/mongodb/mongodb-driver-core/5.2.1/mongodb-driver-core-5.2.1.jar:/Users/mohdshahban/.m2/repository/org/mongodb/bson-record-codec/5.2.1/bson-record-codec-5.2.1.jar:/Users/mohdshahban/.m2/repository/org/springframework/data/spring-data-mongodb/4.4.5/spring-data-mongodb-4.4.5.jar:/Users/mohdshahban/.m2/repository/org/springframework/spring-tx/6.2.6/spring-tx-6.2.6.jar:/Users/mohdshahban/.m2/repository/org/springframework/spring-context/6.2.6/spring-context-6.2.6.jar:/Users/mohdshahban/.m2/repository/org/springframework/spring-beans/6.2.6/spring-beans-6.2.6.jar:/Users/mohdshahban/.m2/repository/org/springframework/spring-expression/6.2.6/spring-expression-6.2.6.jar:/Users/mohdshahban/.m2/repository/org/springframework/data/spring-data-commons/3.4.5/spring-data-commons-3.4.5.jar:/Users/mohdshahban/.m2/repository/org/slf4j/slf4j-api/2.0.17/slf4j-api-2.0.17.jar:/Users/mohdshahban/.m2/repository/org/projectlombok/lombok/1.18.38/lombok-1.18.38.jar:/Users/mohdshahban/.m2/repository/org/springframework/boot/spring-boot-starter-web/3.4.5/spring-boot-starter-web-3.4.5.jar:/Users/mohdshahban/.m2/repository/org/springframework/boot/spring-boot-starter-json/3.4.5/spring-boot-starter-json-3.4.5.jar:/Users/mohdshahban/.m2/repository/com/fasterxml/jackson/core/jackson-databind/2.18.3/jackson-databind-2.18.3.jar:/Users/mohdshahban/.m2/repository/com/fasterxml/jackson/core/jackson-annotations/2.18.3/jackson-annotations-2.18.3.jar:/Users/mohdshahban/.m2/repository/com/fasterxml/jackson/core/jackson-core/2.18.3/jackson-core-2.18.3.jar:/Users/mohdshahban/.m2/repository/com/fasterxml/jackson/datatype/jackson-datatype-jdk8/2.18.3/jackson-datatype-jdk8-2.18.3.jar:/Users/mohdshahban/.m2/repository/com/fasterxml/jackson/datatype/jackson-datatype-jsr310/2.18.3/jackson-datatype-jsr310-2.18.3.jar:/Users/mohdshahban/.m2/repository/com/fasterxml/jackson/module/jackson-module-parameter-names/2.18.3/jackson-module-parameter-names-2.18.3.jar:/Users/mohdshahban/.m2/repository/org/springframework/boot/spring-boot-starter-tomcat/3.4.5/spring-boot-starter-tomcat-3.4.5.jar:/Users/mohdshahban/.m2/repository/org/apache/tomcat/embed/tomcat-embed-core/10.1.40/tomcat-embed-core-10.1.40.jar:/Users/mohdshahban/.m2/repository/org/apache/tomcat/embed/tomcat-embed-el/10.1.40/tomcat-embed-el-10.1.40.jar:/Users/mohdshahban/.m2/repository/org/apache/tomcat/embed/tomcat-embed-websocket/10.1.40/tomcat-embed-websocket-10.1.40.jar:/Users/mohdshahban/.m2/repository/org/springframework/spring-web/6.2.6/spring-web-6.2.6.jar:/Users/mohdshahban/.m2/repository/io/micrometer/micrometer-observation/1.14.6/micrometer-observation-1.14.6.jar:/Users/mohdshahban/.m2/repository/io/micrometer/micrometer-commons/1.14.6/micrometer-commons-1.14.6.jar:/Users/mohdshahban/.m2/repository/org/springframework/spring-webmvc/6.2.6/spring-webmvc-6.2.6.jar:/Users/mohdshahban/.m2/repository/org/springframework/spring-aop/6.2.6/spring-aop-6.2.6.jar:/Users/mohdshahban/.m2/repository/org/springframework/boot/spring-boot-devtools/3.4.5/spring-boot-devtools-3.4.5.jar:/Users/mohdshahban/.m2/repository/org/springframework/boot/spring-boot/3.4.5/spring-boot-3.4.5.jar:/Users/mohdshahban/.m2/repository/org/springframework/boot/spring-boot-autoconfigure/3.4.5/spring-boot-autoconfigure-3.4.5.jar:/Users/mohdshahban/.m2/repository/org/springframework/boot/spring-boot-starter-test/3.4.5/spring-boot-starter-test-3.4.5.jar:/Users/mohdshahban/.m2/repository/org/springframework/boot/spring-boot-test/3.4.5/spring-boot-test-3.4.5.jar:/Users/mohdshahban/.m2/repository/org/springframework/boot/spring-boot-test-autoconfigure/3.4.5/spring-boot-test-autoconfigure-3.4.5.jar:/Users/mohdshahban/.m2/repository/com/jayway/jsonpath/json-path/2.9.0/json-path-2.9.0.jar:/Users/mohdshahban/.m2/repository/jakarta/xml/bind/jakarta.xml.bind-api/4.0.2/jakarta.xml.bind-api-4.0.2.jar:/Users/mohdshahban/.m2/repository/jakarta/activation/jakarta.activation-api/2.1.3/jakarta.activation-api-2.1.3.jar:/Users/mohdshahban/.m2/repository/net/minidev/json-smart/2.5.2/json-smart-2.5.2.jar:/Users/mohdshahban/.m2/repository/net/minidev/accessors-smart/2.5.2/accessors-smart-2.5.2.jar:/Users/mohdshahban/.m2/repository/org/ow2/asm/asm/9.7.1/asm-9.7.1.jar:/Users/mohdshahban/.m2/repository/org/assertj/assertj-core/3.26.3/assertj-core-3.26.3.jar:/Users/mohdshahban/.m2/repository/net/bytebuddy/byte-buddy/1.15.11/byte-buddy-1.15.11.jar:/Users/mohdshahban/.m2/repository/org/awaitility/awaitility/4.2.2/awaitility-4.2.2.jar:/Users/mohdshahban/.m2/repository/org/hamcrest/hamcrest/2.2/hamcrest-2.2.jar:/Users/mohdshahban/.m2/repository/org/junit/jupiter/junit-jupiter/5.11.4/junit-jupiter-5.11.4.jar:/Users/mohdshahban/.m2/repository/org/junit/jupiter/junit-jupiter-api/5.11.4/junit-jupiter-api-5.11.4.jar:/Users/mohdshahban/.m2/repository/org/opentest4j/opentest4j/1.3.0/opentest4j-1.3.0.jar:/Users/mohdshahban/.m2/repository/org/junit/platform/junit-platform-commons/1.11.4/junit-platform-commons-1.11.4.jar:/Users/mohdshahban/.m2/repository/org/apiguardian/apiguardian-api/1.1.2/apiguardian-api-1.1.2.jar:/Users/mohdshahban/.m2/repository/org/junit/jupiter/junit-jupiter-params/5.11.4/junit-jupiter-params-5.11.4.jar:/Users/mohdshahban/.m2/repository/org/junit/jupiter/junit-jupiter-engine/5.11.4/junit-jupiter-engine-5.11.4.jar:/Users/mohdshahban/.m2/repository/org/junit/platform/junit-platform-engine/1.11.4/junit-platform-engine-1.11.4.jar:/Users/mohdshahban/.m2/repository/org/mockito/mockito-core/5.14.2/mockito-core-5.14.2.jar:/Users/mohdshahban/.m2/repository/net/bytebuddy/byte-buddy-agent/1.15.11/byte-buddy-agent-1.15.11.jar:/Users/mohdshahban/.m2/repository/org/objenesis/objenesis/3.3/objenesis-3.3.jar:/Users/mohdshahban/.m2/repository/org/mockito/mockito-junit-jupiter/5.14.2/mockito-junit-jupiter-5.14.2.jar:/Users/mohdshahban/.m2/repository/org/skyscreamer/jsonassert/1.5.3/jsonassert-1.5.3.jar:/Users/mohdshahban/.m2/repository/com/vaadin/external/google/android-json/0.0.20131108.vaadin1/android-json-0.0.20131108.vaadin1.jar:/Users/mohdshahban/.m2/repository/org/springframework/spring-core/6.2.6/spring-core-6.2.6.jar:/Users/mohdshahban/.m2/repository/org/springframework/spring-jcl/6.2.6/spring-jcl-6.2.6.jar:/Users/mohdshahban/.m2/repository/org/springframework/spring-test/6.2.6/spring-test-6.2.6.jar:/Users/mohdshahban/.m2/repository/org/xmlunit/xmlunit-core/2.10.0/xmlunit-core-2.10.0.jar:/Users/mohdshahban/.m2/repository/org/springframework/boot/spring-boot-testcontainers/3.4.5/spring-boot-testcontainers-3.4.5.jar:/Users/mohdshahban/.m2/repository/org/testcontainers/testcontainers/1.20.6/testcontainers-1.20.6.jar:/Users/mohdshahban/.m2/repository/junit/junit/4.13.2/junit-4.13.2.jar:/Users/mohdshahban/.m2/repository/org/hamcrest/hamcrest-core/2.2/hamcrest-core-2.2.jar:/Users/mohdshahban/.m2/repository/org/apache/commons/commons-compress/1.24.0/commons-compress-1.24.0.jar:/Users/mohdshahban/.m2/repository/org/rnorth/duct-tape/duct-tape/1.0.8/duct-tape-1.0.8.jar:/Users/mohdshahban/.m2/repository/org/jetbrains/annotations/17.0.0/annotations-17.0.0.jar:/Users/mohdshahban/.m2/repository/com/github/docker-java/docker-java-api/3.4.1/docker-java-api-3.4.1.jar:/Users/mohdshahban/.m2/repository/com/github/docker-java/docker-java-transport-zerodep/3.4.1/docker-java-transport-zerodep-3.4.1.jar:/Users/mohdshahban/.m2/repository/com/github/docker-java/docker-java-transport/3.4.1/docker-java-transport-3.4.1.jar:/Users/mohdshahban/.m2/repository/net/java/dev/jna/jna/5.13.0/jna-5.13.0.jar:/Users/mohdshahban/.m2/repository/org/testcontainers/junit-jupiter/1.20.6/junit-jupiter-1.20.6.jar:/Users/mohdshahban/.m2/repository/org/testcontainers/mongodb/1.20.6/mongodb-1.20.6.jar:/Users/mohdshahban/.m2/repository/io/rest-assured/rest-assured/5.5.1/rest-assured-5.5.1.jar:/Users/mohdshahban/.m2/repository/org/apache/groovy/groovy/4.0.26/groovy-4.0.26.jar:/Users/mohdshahban/.m2/repository/org/apache/groovy/groovy-xml/4.0.26/groovy-xml-4.0.26.jar:/Users/mohdshahban/.m2/repository/org/apache/httpcomponents/httpclient/4.5.13/httpclient-4.5.13.jar:/Users/mohdshahban/.m2/repository/org/apache/httpcomponents/httpcore/4.4.16/httpcore-4.4.16.jar:/Users/mohdshahban/.m2/repository/commons-logging/commons-logging/1.2/commons-logging-1.2.jar:/Users/mohdshahban/.m2/repository/commons-codec/commons-codec/1.17.2/commons-codec-1.17.2.jar:/Users/mohdshahban/.m2/repository/org/apache/httpcomponents/httpmime/4.5.13/httpmime-4.5.13.jar:/Users/mohdshahban/.m2/repository/org/ccil/cowan/tagsoup/tagsoup/1.2.1/tagsoup-1.2.1.jar:/Users/mohdshahban/.m2/repository/io/rest-assured/json-path/5.5.1/json-path-5.5.1.jar:/Users/mohdshahban/.m2/repository/org/apache/groovy/groovy-json/4.0.26/groovy-json-4.0.26.jar:/Users/mohdshahban/.m2/repository/io/rest-assured/rest-assured-common/5.5.1/rest-assured-common-5.5.1.jar:/Users/mohdshahban/.m2/repository/io/rest-assured/xml-path/5.5.1/xml-path-5.5.1.jar:/Users/mohdshahban/.m2/repository/org/apache/commons/commons-lang3/3.17.0/commons-lang3-3.17.0.jar:"/>
    <property name="sun.cpu.endian" value="little"/>
    <property name="user.home" value="/Users/mohdshahban"/>
    <property name="user.language" value="en"/>
    <property name="java.specification.vendor" value="Oracle Corporation"/>
    <property name="java.version.date" value="2024-07-16"/>
    <property name="java.home" value="/Applications/SpringToolSuite4.app/Contents/Eclipse/plugins/org.eclipse.justj.openjdk.hotspot.jre.full.macosx.aarch64_21.0.4.v20240802-1551/jre"/>
    <property name="file.separator" value="/"/>
    <property name="basedir" value="/Users/mohdshahban/Documents/workspace-spring-tool-suite-4-4.26.0.RELEASE/product-service"/>
    <property name="style.color" value="always"/>
    <property name="java.vm.compressedOopsMode" value="Zero based"/>
    <property name="line.separator" value="&#10;"/>
    <property name="java.vm.specification.vendor" value="Oracle Corporation"/>
    <property name="java.specification.name" value="Java Platform API Specification"/>
    <property name="FILE_LOG_CHARSET" value="UTF-8"/>
    <property name="java.awt.headless" value="true"/>
    <property name="apple.awt.application.name" value="ForkedBooter"/>
    <property name="surefire.real.class.path" value="/Users/mohdshahban/Documents/workspace-spring-tool-suite-4-4.26.0.RELEASE/product-service/target/surefire/surefirebooter-20250514141908394_3.jar"/>
    <property name="sun.management.compiler" value="HotSpot 64-Bit Tiered Compilers"/>
    <property name="ftp.nonProxyHosts" value="local|*.local|169.254/16|*.169.254/16"/>
    <property name="java.runtime.version" value="21.0.4+7-LTS"/>
    <property name="user.name" value="mohdshahban"/>
    <property name="stdout.encoding" value="UTF-8"/>
    <property name="path.separator" value=":"/>
    <property name="os.version" value="15.4.1"/>
    <property name="java.runtime.name" value="OpenJDK Runtime Environment"/>
    <property name="file.encoding" value="UTF-8"/>
    <property name="java.vm.name" value="OpenJDK 64-Bit Server VM"/>
    <property name="java.vendor.version" value="Temurin-21.0.4+7"/>
    <property name="localRepository" value="/Users/mohdshahban/.m2/repository"/>
    <property name="java.vendor.url.bug" value="https://github.com/adoptium/adoptium-support/issues"/>
    <property name="java.io.tmpdir" value="/var/folders/vk/63b497rn2jz9qgqyxnybj2cr0000gn/T/"/>
    <property name="catalina.home" value="/private/var/folders/vk/63b497rn2jz9qgqyxnybj2cr0000gn/T/tomcat.0.16641858477321670277"/>
    <property name="java.version" value="21.0.4"/>
    <property name="user.dir" value="/Users/mohdshahban/Documents/workspace-spring-tool-suite-4-4.26.0.RELEASE/product-service"/>
    <property name="os.arch" value="aarch64"/>
    <property name="java.vm.specification.name" value="Java Virtual Machine Specification"/>
    <property name="PID" value="83109"/>
    <property name="CONSOLE_LOG_CHARSET" value="UTF-8"/>
    <property name="catalina.base" value="/private/var/folders/vk/63b497rn2jz9qgqyxnybj2cr0000gn/T/tomcat.0.16641858477321670277"/>
    <property name="native.encoding" value="UTF-8"/>
    <property name="java.library.path" value="/Users/mohdshahban/Library/Java/Extensions:/Library/Java/Extensions:/Network/Library/Java/Extensions:/System/Library/Java/Extensions:/usr/lib/java:."/>
    <property name="java.vm.info" value="mixed mode"/>
    <property name="stderr.encoding" value="UTF-8"/>
    <property name="java.vendor" value="Eclipse Adoptium"/>
    <property name="java.vm.version" value="21.0.4+7-LTS"/>
    <property name="sun.io.unicode.encoding" value="UnicodeBig"/>
    <property name="socksNonProxyHosts" value="local|*.local|169.254/16|*.169.254/16"/>
    <property name="java.class.version" value="65.0"/>
  </properties>
  <testcase name="shouldCreateProduct" classname="com.sahbu.ProductServiceApplicationTests" time="1.031">
    <system-out><![CDATA[14:19:08.764 [main] INFO org.springframework.test.context.support.AnnotationConfigContextLoaderUtils -- Could not detect default configuration classes for test class [com.sahbu.ProductServiceApplicationTests]: ProductServiceApplicationTests does not declare any static, non-private, non-final, nested classes annotated with @Configuration.
14:19:08.794 [main] INFO org.testcontainers.images.PullPolicy -- Image pull policy will be performed by: DefaultPullPolicy()
14:19:08.795 [main] INFO org.testcontainers.utility.ImageNameSubstitutor -- Image name substitution will be performed by: DefaultImageNameSubstitutor (composite of 'ConfigurationFileImageNameSubstitutor' and 'PrefixingImageNameSubstitutor')
14:19:08.814 [main] INFO org.testcontainers.DockerClientFactory -- Testcontainers version: 1.20.6
14:19:08.922 [main] INFO org.testcontainers.dockerclient.DockerClientProviderStrategy -- Loaded org.testcontainers.dockerclient.UnixSocketClientProviderStrategy from ~/.testcontainers.properties, will try it first
14:19:09.072 [main] INFO org.testcontainers.dockerclient.DockerClientProviderStrategy -- Found Docker environment with local Unix socket (unix:///var/run/docker.sock)
14:19:09.072 [main] INFO org.testcontainers.DockerClientFactory -- Docker host IP address is localhost
14:19:09.086 [main] INFO org.testcontainers.DockerClientFactory -- Connected to docker: 
  Server Version: 27.4.0
  API Version: 1.47
  Operating System: Docker Desktop
  Total Memory: 3919 MB
  Labels: 
    com.docker.desktop.address=unix:///Users/mohdshahban/Library/Containers/com.docker.docker/Data/docker-cli.sock
14:19:09.155 [main] INFO tc.testcontainers/ryuk:0.11.0 -- Creating container for image: testcontainers/ryuk:0.11.0
14:19:09.168 [main] INFO org.testcontainers.utility.RegistryAuthLocator -- Failure when attempting to lookup auth config. Please ignore if you don't have images in an authenticated registry. Details: (dockerImageName: testcontainers/ryuk:0.11.0, configFile: /Users/mohdshahban/.docker/config.json, configEnv: DOCKER_AUTH_CONFIG). Falling back to docker-java default behaviour. Exception message: Could not execute [docker-credential-desktop, get]. Error=2, No such file or directory
14:19:09.311 [main] INFO tc.testcontainers/ryuk:0.11.0 -- Container testcontainers/ryuk:0.11.0 is starting: 012365bbe68ce3d13db2f2d820942aa1dc9882a6901d4eb8fab7d1aa23a4d195
14:19:10.318 [main] INFO tc.testcontainers/ryuk:0.11.0 -- Container testcontainers/ryuk:0.11.0 started in PT1.16277S
14:19:10.327 [main] INFO org.testcontainers.utility.RyukResourceReaper -- Ryuk started - will monitor and terminate Testcontainers containers on JVM exit
14:19:10.327 [main] INFO org.testcontainers.DockerClientFactory -- Checking the system...
14:19:10.328 [main] INFO org.testcontainers.DockerClientFactory -- ✔︎ Docker server version should be at least 1.6.0
14:19:10.328 [main] INFO tc.mongo:latest -- Creating container for image: mongo:latest
14:19:10.374 [main] INFO tc.mongo:latest -- Container mongo:latest is starting: f19436b824366c86aa86db4dcbc476292ce4d6ed05eb46e1c47b432caf403d05
14:19:13.401 [main] INFO tc.mongo:latest -- Container mongo:latest started in PT3.07281S
14:19:15.538 [main] INFO org.springframework.boot.test.context.SpringBootTestContextBootstrapper -- Found @SpringBootConfiguration com.sahbu.ProductServiceApplication for test class com.sahbu.ProductServiceApplicationTests
14:19:15.595 [main] INFO org.springframework.boot.devtools.restart.RestartApplicationListener -- Restart disabled due to context in which it is running

  .   ____          _            __ _ _
 /\\ / ___'_ __ _ _(_)_ __  __ _ \ \ \ \
( ( )\___ | '_ | '_| | '_ \/ _` | \ \ \ \
 \\/  ___)| |_)| | | | | || (_| |  ) ) ) )
  '  |____| .__|_| |_|_| |_\__, | / / / /
 =========|_|==============|___/=/_/_/_/

 :: Spring Boot ::                (v3.4.5)

2025-05-14T14:19:15.710+05:30  INFO 83109 --- [           main] c.sahbu.ProductServiceApplicationTests   : Starting ProductServiceApplicationTests using Java 21.0.4 with PID 83109 (started by mohdshahban in /Users/mohdshahban/Documents/workspace-spring-tool-suite-4-4.26.0.RELEASE/product-service)
2025-05-14T14:19:15.711+05:30  INFO 83109 --- [           main] c.sahbu.ProductServiceApplicationTests   : No active profile set, falling back to 1 default profile: "default"
2025-05-14T14:19:15.959+05:30  INFO 83109 --- [           main] .s.d.r.c.RepositoryConfigurationDelegate : Bootstrapping Spring Data MongoDB repositories in DEFAULT mode.
2025-05-14T14:19:15.977+05:30  INFO 83109 --- [           main] .s.d.r.c.RepositoryConfigurationDelegate : Finished Spring Data repository scanning in 15 ms. Found 1 MongoDB repository interface.
2025-05-14T14:19:16.124+05:30  INFO 83109 --- [           main] o.s.b.w.embedded.tomcat.TomcatWebServer  : Tomcat initialized with port 0 (http)
2025-05-14T14:19:16.130+05:30  INFO 83109 --- [           main] o.apache.catalina.core.StandardService   : Starting service [Tomcat]
2025-05-14T14:19:16.130+05:30  INFO 83109 --- [           main] o.apache.catalina.core.StandardEngine    : Starting Servlet engine: [Apache Tomcat/10.1.40]
2025-05-14T14:19:16.146+05:30  INFO 83109 --- [           main] o.a.c.c.C.[Tomcat].[localhost].[/]       : Initializing Spring embedded WebApplicationContext
2025-05-14T14:19:16.147+05:30  INFO 83109 --- [           main] w.s.c.ServletWebServerApplicationContext : Root WebApplicationContext: initialization completed in 365 ms
2025-05-14T14:19:16.166+05:30  INFO 83109 --- [           main] tc.mongo:latest                          : Creating container for image: mongo:latest
2025-05-14T14:19:16.239+05:30  INFO 83109 --- [           main] tc.mongo:latest                          : Container mongo:latest is starting: c3abe5993c9f8a77b24785398827d3fec856929359e3ef77091b6bd11fcead45
2025-05-14T14:19:17.218+05:30  INFO 83109 --- [           main] tc.mongo:latest                          : Container mongo:latest started in PT1.051692S
2025-05-14T14:19:18.606+05:30  INFO 83109 --- [           main] org.mongodb.driver.client                : MongoClient with metadata {"driver": {"name": "mongo-java-driver|sync|spring-boot", "version": "5.2.1"}, "os": {"type": "Darwin", "name": "Mac OS X", "architecture": "aarch64", "version": "15.4.1"}, "platform": "Java/Eclipse Adoptium/21.0.4+7-LTS"} created with settings MongoClientSettings{readPreference=primary, writeConcern=WriteConcern{w=null, wTimeout=null ms, journal=null}, retryWrites=true, retryReads=true, readConcern=ReadConcern{level=null}, credential=null, transportSettings=null, commandListeners=[], codecRegistry=ProvidersCodecRegistry{codecProviders=[ValueCodecProvider{}, BsonValueCodecProvider{}, DBRefCodecProvider{}, DBObjectCodecProvider{}, DocumentCodecProvider{}, CollectionCodecProvider{}, IterableCodecProvider{}, MapCodecProvider{}, GeoJsonCodecProvider{}, GridFSFileCodecProvider{}, Jsr310CodecProvider{}, JsonObjectCodecProvider{}, BsonCodecProvider{}, EnumCodecProvider{}, com.mongodb.client.model.mql.ExpressionCodecProvider@4ae2c01b, com.mongodb.Jep395RecordCodecProvider@1cab19e2, com.mongodb.KotlinCodecProvider@6879e983]}, loggerSettings=LoggerSettings{maxDocumentLength=1000}, clusterSettings={hosts=[localhost:58639], srvServiceName=mongodb, mode=SINGLE, requiredClusterType=UNKNOWN, requiredReplicaSetName='null', serverSelector='null', clusterListeners='[]', serverSelectionTimeout='30000 ms', localThreshold='15 ms'}, socketSettings=SocketSettings{connectTimeoutMS=10000, readTimeoutMS=0, receiveBufferSize=0, proxySettings=ProxySettings{host=null, port=null, username=null, password=null}}, heartbeatSocketSettings=SocketSettings{connectTimeoutMS=10000, readTimeoutMS=10000, receiveBufferSize=0, proxySettings=ProxySettings{host=null, port=null, username=null, password=null}}, connectionPoolSettings=ConnectionPoolSettings{maxSize=100, minSize=0, maxWaitTimeMS=120000, maxConnectionLifeTimeMS=0, maxConnectionIdleTimeMS=0, maintenanceInitialDelayMS=0, maintenanceFrequencyMS=60000, connectionPoolListeners=[], maxConnecting=2}, serverSettings=ServerSettings{heartbeatFrequencyMS=10000, minHeartbeatFrequencyMS=500, serverMonitoringMode=AUTO, serverListeners='[]', serverMonitorListeners='[]'}, sslSettings=SslSettings{enabled=false, invalidHostNameAllowed=false, context=null}, applicationName='null', compressorList=[], uuidRepresentation=JAVA_LEGACY, serverApi=null, autoEncryptionSettings=null, dnsClient=null, inetAddressResolver=null, contextProvider=null, timeoutMS=null}
2025-05-14T14:19:18.615+05:30  INFO 83109 --- [localhost:58639] org.mongodb.driver.cluster               : Monitor thread successfully connected to server with description ServerDescription{address=localhost:58639, type=REPLICA_SET_PRIMARY, cryptd=false, state=CONNECTED, ok=true, minWireVersion=0, maxWireVersion=25, maxDocumentSize=16777216, logicalSessionTimeoutMinutes=30, roundTripTimeNanos=8814792, minRoundTripTimeNanos=0, setName='docker-rs', canonicalAddress=f19436b82436:27017, hosts=[f19436b82436:27017], passives=[], arbiters=[], primary='f19436b82436:27017', tagSet=TagSet{[]}, electionId=7fffffff0000000000000001, setVersion=1, topologyVersion=TopologyVersion{processId=6824590742d885e7e411797c, counter=6}, lastWriteDate=Wed May 14 14:19:15 IST 2025, lastUpdateTimeNanos=113322790108791}
2025-05-14T14:19:18.933+05:30  INFO 83109 --- [           main] o.s.b.w.embedded.tomcat.TomcatWebServer  : Tomcat started on port 58650 (http) with context path '/'
2025-05-14T14:19:18.938+05:30  INFO 83109 --- [           main] c.sahbu.ProductServiceApplicationTests   : Started ProductServiceApplicationTests in 3.345 seconds (process running for 10.501)
Going to validate
2025-05-14T14:19:19.660+05:30  INFO 83109 --- [o-auto-1-exec-1] o.a.c.c.C.[Tomcat].[localhost].[/]       : Initializing Spring DispatcherServlet 'dispatcherServlet'
2025-05-14T14:19:19.660+05:30  INFO 83109 --- [o-auto-1-exec-1] o.s.web.servlet.DispatcherServlet        : Initializing Servlet 'dispatcherServlet'
2025-05-14T14:19:19.660+05:30  INFO 83109 --- [o-auto-1-exec-1] o.s.web.servlet.DispatcherServlet        : Completed initialization in 0 ms
2025-05-14T14:19:19.751+05:30  INFO 83109 --- [o-auto-1-exec-1] com.sahbu.service.ProductService         : Prodcut Successfully Created
validated
]]></system-out>
    <system-err><![CDATA[Mockito is currently self-attaching to enable the inline-mock-maker. This will no longer work in future releases of the JDK. Please add Mockito as an agent to your build what is described in Mockito's documentation: https://javadoc.io/doc/org.mockito/mockito-core/latest/org/mockito/Mockito.html#0.3
WARNING: A Java agent has been loaded dynamically (/Users/mohdshahban/.m2/repository/net/bytebuddy/byte-buddy-agent/1.15.11/byte-buddy-agent-1.15.11.jar)
WARNING: If a serviceability tool is in use, please run with -XX:+EnableDynamicAgentLoading to hide this warning
WARNING: If a serviceability tool is not in use, please run with -Djdk.instrument.traceUsage for more information
WARNING: Dynamic loading of agents will be disallowed by default in a future release
]]></system-err>
  </testcase>
</testsuite>